Your app listening on port 8080!
Feeds - Home | MCQ
Not Found | MCQ
Ans {
  _oldAttributes: {
    name: 'Shree Krishna Acharyaqw',
    classno: '9',
    rollno: '21323',
    section: '12',
    gender: 'M',
    age: '12',
    ans: '{"1":"0","2":"0","4":"0","6":"0","8":"0","10":"2","12":"2","14":"2","16":"2","18":"2","20":"1","22":"2","24":"2","26":"1","28":"1","30":"1","32":"1","34":"0","36":"0","38":"1","39":"1","41":"0","43":"0","44":"0"}'
  },
  _attributes: {
    name: 'Shree Krishna Acharyaqw',
    classno: '9',
    rollno: '21323',
    section: '12',
    gender: 'M',
    age: '12',
    ans: '{"1":"0","2":"0","4":"0","6":"0","8":"0","10":"2","12":"2","14":"2","16":"2","18":"2","20":"1","22":"2","24":"2","26":"1","28":"1","30":"1","32":"1","34":"0","36":"0","38":"1","39":"1","41":"0","43":"0","44":"0"}',
    id: 24
  },
  _attributeName: [
    'id',        'name',
    'classno',   'section',
    'rollno',    'gender',
    'age',       'ans',
    'create_at'
  ],
  asModelFlag: true,
  _errorFlag: true,
  _errorMessages: {
    classno: [ 'Classno must be string' ],
    section: [ 'Section must be string' ],
    rollno: [ 'Rollno must be string' ],
    age: [ 'Age must be string' ]
  },
  isEmpty: false,
  isCustomColumn: false,
  customAttributes: [],
  toListFlag: true,
  scenario: 'DEFAULT',
  readOnly: [Function (anonymous)],
  fields: [Function (anonymous)],
  rules: [Function (anonymous)],
  successCallback: [Function (anonymous)],
  errorCallback: [Function (anonymous)],
  visibility: [Function (anonymous)],
  callback: [Function (anonymous)],
  queryString: 'INSERT INTO mans(name,classno,section,rollno,gender,age,ans) VALUES (?)',
  queryType: 'INSERT',
  db: Mysql { connection: null, hasTransaction: false },
  isNew: false,
  isAll: false,
  joinOne: [],
  joinMany: [],
  _glueQuery: [],
  tableName: 'mans',
  _validate: {
    id: {
      label: 'Id',
      name: 'id',
      error: false,
      errorMessage: '',
      rules: [Array]
    },
    name: {
      label: 'Name',
      name: 'name',
      error: false,
      errorMessage: '',
      rules: [Array]
    },
    classno: {
      label: 'Classno',
      name: 'classno',
      error: true,
      errorMessage: 'Classno must be string',
      rules: [Array]
    },
    section: {
      label: 'Section',
      name: 'section',
      error: true,
      errorMessage: 'Section must be string',
      rules: [Array]
    },
    rollno: {
      label: 'Rollno',
      name: 'rollno',
      error: true,
      errorMessage: 'Rollno must be string',
      rules: [Array]
    },
    gender: {
      label: 'Gender',
      name: 'gender',
      error: false,
      errorMessage: '',
      rules: [Array]
    },
    age: {
      label: 'Age',
      name: 'age',
      error: true,
      errorMessage: 'Age must be string',
      rules: [Array]
    },
    ans: {
      label: 'Ans',
      name: 'ans',
      error: false,
      errorMessage: '',
      rules: [Array]
    },
    create_at: {
      label: 'Create at',
      name: 'create_at',
      error: false,
      errorMessage: '',
      rules: []
    }
  },
  name: 'Shree Krishna Acharyaqw',
  classno: '9',
  rollno: '21323',
  section: '12',
  gender: 'M',
  age: '12',
  ans: '{"1":"0","2":"0","4":"0","6":"0","8":"0","10":"2","12":"2","14":"2","16":"2","18":"2","20":"1","22":"2","24":"2","26":"1","28":"1","30":"1","32":"1","34":"0","36":"0","38":"1","39":"1","41":"0","43":"0","44":"0"}',
  primaryKey: 24,
  id: 24
}
COUNT: 3
MAX TIME: 17
TIME: 17
AVG TIME:6
MAX MEMORY: 71.57
MEMORY: 71.57
AVG MEMORY:24
